<?xml version="1.0" encoding="UTF-8"?>
<testng-results ignored="0" total="1" passed="1" failed="0" skipped="0">
  <reporter-output>
  </reporter-output>
  <suite started-at="2023-08-28T12:07:58 IST" name="Default suite" finished-at="2023-08-28T12:13:56 IST" duration-ms="357937">
    <groups>
    </groups>
    <test started-at="2023-08-28T12:07:58 IST" name="Default test" finished-at="2023-08-28T12:13:56 IST" duration-ms="357937">
      <class name="org.fxbytes.web.base.BaseClass">
        <test-method signature="baseTest()[pri:0, instance:org.fxbytes.web.base.BaseClass@4facf68f]" started-at="2023-08-28T12:07:58 IST" name="baseTest" finished-at="2023-08-28T12:13:56 IST" duration-ms="357879" status="PASS">
          <reporter-output>
          </reporter-output>
        </test-method> <!-- baseTest -->
      </class> <!-- org.fxbytes.web.base.BaseClass -->
    </test> <!-- Default test -->
  </suite> <!-- Default suite -->
</testng-results>
